c:\users\aluma\documents\מכללה\שנה ד\פרויקט גמר\security-system-based-rules-and-intel-sgx\application\simulation\vc140.pdb
c:\users\aluma\documents\מכללה\שנה ד\פרויקט גמר\security-system-based-rules-and-intel-sgx\application\simulation\vc140.idb
c:\users\aluma\documents\מכללה\שנה ד\פרויקט גמר\security-system-based-rules-and-intel-sgx\application\simulation\application.obj
c:\users\aluma\documents\מכללה\שנה ד\פרויקט גמר\security-system-based-rules-and-intel-sgx\application\simulation\security.obj
c:\users\aluma\documents\מכללה\שנה ד\פרויקט גמר\security-system-based-rules-and-intel-sgx\application\simulation\statemachine.obj
c:\users\aluma\documents\מכללה\שנה ד\פרויקט גמר\security-system-based-rules-and-intel-sgx\application\simulation\sample_enclave_u.obj
c:\users\aluma\documents\מכללה\שנה ד\פרויקט גמר\security-system-based-rules-and-intel-sgx\application\sample_enclave_u.h
c:\users\aluma\documents\מכללה\שנה ד\פרויקט גמר\security-system-based-rules-and-intel-sgx\application\sample_enclave_u.c
c:\users\aluma\documents\מכללה\שנה ד\פרויקט גמר\security-system-based-rules-and-intel-sgx\simulation\application.ilk
c:\users\aluma\documents\מכללה\שנה ד\פרויקט גמר\security-system-based-rules-and-intel-sgx\simulation\application.exe
c:\users\aluma\documents\מכללה\שנה ד\פרויקט גמר\security-system-based-rules-and-intel-sgx\simulation\application.pdb
c:\users\aluma\documents\מכללה\שנה ד\פרויקט גמר\security-system-based-rules-and-intel-sgx\application\simulation\application.tlog\cl.command.1.tlog
c:\users\aluma\documents\מכללה\שנה ד\פרויקט גמר\security-system-based-rules-and-intel-sgx\application\simulation\application.tlog\cl.read.1.tlog
c:\users\aluma\documents\מכללה\שנה ד\פרויקט גמר\security-system-based-rules-and-intel-sgx\application\simulation\application.tlog\cl.write.1.tlog
c:\users\aluma\documents\מכללה\שנה ד\פרויקט גמר\security-system-based-rules-and-intel-sgx\application\simulation\application.tlog\custombuild.command.1.tlog
c:\users\aluma\documents\מכללה\שנה ד\פרויקט גמר\security-system-based-rules-and-intel-sgx\application\simulation\application.tlog\custombuild.read.1.tlog
c:\users\aluma\documents\מכללה\שנה ד\פרויקט גמר\security-system-based-rules-and-intel-sgx\application\simulation\application.tlog\custombuild.write.1.tlog
c:\users\aluma\documents\מכללה\שנה ד\פרויקט גמר\security-system-based-rules-and-intel-sgx\application\simulation\application.tlog\link.command.1.tlog
c:\users\aluma\documents\מכללה\שנה ד\פרויקט גמר\security-system-based-rules-and-intel-sgx\application\simulation\application.tlog\link.read.1.tlog
c:\users\aluma\documents\מכללה\שנה ד\פרויקט גמר\security-system-based-rules-and-intel-sgx\application\simulation\application.tlog\link.write.1.tlog
