c:\users\aluma\documents\מכללה\שנה ד\פרויקט גמר\security-system-based-rules-and-intel-sgx\securefunctions\secureapplication\debug\secureapplication.pch
c:\users\aluma\documents\מכללה\שנה ד\פרויקט גמר\security-system-based-rules-and-intel-sgx\securefunctions\secureapplication\debug\vc140.pdb
c:\users\aluma\documents\מכללה\שנה ד\פרויקט גמר\security-system-based-rules-and-intel-sgx\securefunctions\secureapplication\debug\vc140.idb
c:\users\aluma\documents\מכללה\שנה ד\פרויקט גמר\security-system-based-rules-and-intel-sgx\securefunctions\secureapplication\debug\stdafx.obj
c:\users\aluma\documents\מכללה\שנה ד\פרויקט גמר\security-system-based-rules-and-intel-sgx\securefunctions\secureapplication\debug\secureapplication.obj
c:\users\aluma\documents\מכללה\שנה ד\פרויקט גמר\security-system-based-rules-and-intel-sgx\securefunctions\secureapplication\debug\securefunctions_u.obj
c:\users\aluma\documents\מכללה\שנה ד\פרויקט גמר\security-system-based-rules-and-intel-sgx\securefunctions\secureapplication\securefunctions_u.h
c:\users\aluma\documents\מכללה\שנה ד\פרויקט גמר\security-system-based-rules-and-intel-sgx\securefunctions\secureapplication\securefunctions_u.c
c:\users\aluma\documents\מכללה\שנה ד\פרויקט גמר\security-system-based-rules-and-intel-sgx\securefunctions\debug\secureapplication.ilk
c:\users\aluma\documents\מכללה\שנה ד\פרויקט גמר\security-system-based-rules-and-intel-sgx\securefunctions\debug\secureapplication.exe
c:\users\aluma\documents\מכללה\שנה ד\פרויקט גמר\security-system-based-rules-and-intel-sgx\securefunctions\debug\secureapplication.pdb
c:\users\aluma\documents\מכללה\שנה ד\פרויקט גמר\security-system-based-rules-and-intel-sgx\securefunctions\secureapplication\debug\secureap.ce60053c.tlog\cl.command.1.tlog
c:\users\aluma\documents\מכללה\שנה ד\פרויקט גמר\security-system-based-rules-and-intel-sgx\securefunctions\secureapplication\debug\secureap.ce60053c.tlog\cl.read.1.tlog
c:\users\aluma\documents\מכללה\שנה ד\פרויקט גמר\security-system-based-rules-and-intel-sgx\securefunctions\secureapplication\debug\secureap.ce60053c.tlog\cl.write.1.tlog
c:\users\aluma\documents\מכללה\שנה ד\פרויקט גמר\security-system-based-rules-and-intel-sgx\securefunctions\secureapplication\debug\secureap.ce60053c.tlog\custombuild.command.1.tlog
c:\users\aluma\documents\מכללה\שנה ד\פרויקט גמר\security-system-based-rules-and-intel-sgx\securefunctions\secureapplication\debug\secureap.ce60053c.tlog\custombuild.read.1.tlog
c:\users\aluma\documents\מכללה\שנה ד\פרויקט גמר\security-system-based-rules-and-intel-sgx\securefunctions\secureapplication\debug\secureap.ce60053c.tlog\custombuild.write.1.tlog
c:\users\aluma\documents\מכללה\שנה ד\פרויקט גמר\security-system-based-rules-and-intel-sgx\securefunctions\secureapplication\debug\secureap.ce60053c.tlog\link.command.1.tlog
c:\users\aluma\documents\מכללה\שנה ד\פרויקט גמר\security-system-based-rules-and-intel-sgx\securefunctions\secureapplication\debug\secureap.ce60053c.tlog\link.read.1.tlog
c:\users\aluma\documents\מכללה\שנה ד\פרויקט גמר\security-system-based-rules-and-intel-sgx\securefunctions\secureapplication\debug\secureap.ce60053c.tlog\link.write.1.tlog
