c:\users\aluma\documents\מכללה\שנה ד\פרויקט גמר\security-system-based-rules-and-intel-sgx\sample_enclave\simulation\vc140.pdb
c:\users\aluma\documents\מכללה\שנה ד\פרויקט גמר\security-system-based-rules-and-intel-sgx\sample_enclave\simulation\sample_enclave.obj
c:\users\aluma\documents\מכללה\שנה ד\פרויקט גמר\security-system-based-rules-and-intel-sgx\sample_enclave\simulation\sample_enclave_t.obj
c:\users\aluma\documents\מכללה\שנה ד\פרויקט גמר\security-system-based-rules-and-intel-sgx\sample_enclave\sample_enclave_t.h
c:\users\aluma\documents\מכללה\שנה ד\פרויקט גמר\security-system-based-rules-and-intel-sgx\sample_enclave\sample_enclave_t.c
c:\users\aluma\documents\מכללה\שנה ד\פרויקט גמר\security-system-based-rules-and-intel-sgx\simulation\sample_enclave.dll
c:\users\aluma\documents\מכללה\שנה ד\פרויקט גמר\security-system-based-rules-and-intel-sgx\simulation\sample_enclave.pdb
c:\users\aluma\documents\מכללה\שנה ד\פרויקט גמר\security-system-based-rules-and-intel-sgx\simulation\sample_enclave.lib
c:\users\aluma\documents\מכללה\שנה ד\פרויקט גמר\security-system-based-rules-and-intel-sgx\simulation\sample_enclave.exp
c:\users\aluma\documents\מכללה\שנה ד\פרויקט גמר\security-system-based-rules-and-intel-sgx\sample_enclave\simulation\sample_enclave.tlog\cl.command.1.tlog
c:\users\aluma\documents\מכללה\שנה ד\פרויקט גמר\security-system-based-rules-and-intel-sgx\sample_enclave\simulation\sample_enclave.tlog\cl.read.1.tlog
c:\users\aluma\documents\מכללה\שנה ד\פרויקט גמר\security-system-based-rules-and-intel-sgx\sample_enclave\simulation\sample_enclave.tlog\cl.write.1.tlog
c:\users\aluma\documents\מכללה\שנה ד\פרויקט גמר\security-system-based-rules-and-intel-sgx\sample_enclave\simulation\sample_enclave.tlog\custombuild.command.1.tlog
c:\users\aluma\documents\מכללה\שנה ד\פרויקט גמר\security-system-based-rules-and-intel-sgx\sample_enclave\simulation\sample_enclave.tlog\custombuild.read.1.tlog
c:\users\aluma\documents\מכללה\שנה ד\פרויקט גמר\security-system-based-rules-and-intel-sgx\sample_enclave\simulation\sample_enclave.tlog\custombuild.write.1.tlog
c:\users\aluma\documents\מכללה\שנה ד\פרויקט גמר\security-system-based-rules-and-intel-sgx\sample_enclave\simulation\sample_enclave.tlog\link.command.1.tlog
c:\users\aluma\documents\מכללה\שנה ד\פרויקט גמר\security-system-based-rules-and-intel-sgx\sample_enclave\simulation\sample_enclave.tlog\link.read.1.tlog
c:\users\aluma\documents\מכללה\שנה ד\פרויקט גמר\security-system-based-rules-and-intel-sgx\sample_enclave\simulation\sample_enclave.tlog\link.write.1.tlog
c:\users\aluma\documents\מכללה\שנה ד\פרויקט גמר\security-system-based-rules-and-intel-sgx\sample_enclave\simulation\sample_enclave.tlog\metagen.read.1.tlog
c:\users\aluma\documents\מכללה\שנה ד\פרויקט גמר\security-system-based-rules-and-intel-sgx\sample_enclave\simulation\sample_enclave.tlog\metagen.write.1.tlog
c:\users\aluma\documents\מכללה\שנה ד\פרויקט גמר\security-system-based-rules-and-intel-sgx\sample_enclave\simulation\sample_enclave.tlog\sample_enclave.write.1u.tlog
c:\users\aluma\documents\מכללה\שנה ד\פרויקט גמר\security-system-based-rules-and-intel-sgx\sample_enclave\simulation\sample_enclave.tlog\tzres.dll.bi
